CRITICAL - 2020-08-30 17:04:08 --> syntax error, unexpected '->' (T_OBJECT_OPERATOR)
#0 C:\xampp\htdocs\codeigniter4\primeiro\system\Autoloader\Autoloader.php(296): CodeIgniter\Autoloader\Autoloader->requireFile('C:\\xampp\\htdocs...')
#1 C:\xampp\htdocs\codeigniter4\primeiro\system\Autoloader\Autoloader.php(258): CodeIgniter\Autoloader\Autoloader->loadInNamespace('App\\Controllers...')
#2 [internal function]: CodeIgniter\Autoloader\Autoloader->loadClass('App\\Controllers...')
#3 [internal function]: spl_autoload_call('App\\Controllers...')
#4 C:\xampp\htdocs\codeigniter4\primeiro\system\CodeIgniter.php(869): class_exists('\\App\\Controller...', true)
#5 C:\xampp\htdocs\codeigniter4\primeiro\system\CodeIgniter.php(394): CodeIgniter\CodeIgniter->startController()
#6 C:\xampp\htdocs\codeigniter4\primeiro\system\CodeIgniter.php(312): CodeIgniter\CodeIgniter->handleRequest(NULL, Object(Config\Cache), false)
#7 C:\xampp\htdocs\codeigniter4\primeiro\public\index.php(45): CodeIgniter\CodeIgniter->run()
#8 C:\xampp\htdocs\codeigniter4\primeiro\system\Commands\Server\rewrite.php(34): require_once('C:\\xampp\\htdocs...')
#9 {main}
CRITICAL - 2020-08-30 17:04:18 --> syntax error, unexpected '->' (T_OBJECT_OPERATOR)
#0 C:\xampp\htdocs\codeigniter4\primeiro\system\Autoloader\Autoloader.php(296): CodeIgniter\Autoloader\Autoloader->requireFile('C:\\xampp\\htdocs...')
#1 C:\xampp\htdocs\codeigniter4\primeiro\system\Autoloader\Autoloader.php(258): CodeIgniter\Autoloader\Autoloader->loadInNamespace('App\\Controllers...')
#2 [internal function]: CodeIgniter\Autoloader\Autoloader->loadClass('App\\Controllers...')
#3 [internal function]: spl_autoload_call('App\\Controllers...')
#4 C:\xampp\htdocs\codeigniter4\primeiro\system\CodeIgniter.php(869): class_exists('\\App\\Controller...', true)
#5 C:\xampp\htdocs\codeigniter4\primeiro\system\CodeIgniter.php(394): CodeIgniter\CodeIgniter->startController()
#6 C:\xampp\htdocs\codeigniter4\primeiro\system\CodeIgniter.php(312): CodeIgniter\CodeIgniter->handleRequest(NULL, Object(Config\Cache), false)
#7 C:\xampp\htdocs\codeigniter4\primeiro\public\index.php(45): CodeIgniter\CodeIgniter->run()
#8 C:\xampp\htdocs\codeigniter4\primeiro\system\Commands\Server\rewrite.php(34): require_once('C:\\xampp\\htdocs...')
#9 {main}
CRITICAL - 2020-08-30 17:08:37 --> Invalid file: index.php
#0 C:\xampp\htdocs\codeigniter4\primeiro\system\View\View.php(228): CodeIgniter\Exceptions\FrameworkException::forInvalidFile('index.php')
#1 C:\xampp\htdocs\codeigniter4\primeiro\system\Common.php(1119): CodeIgniter\View\View->render('index', Array, true)
#2 C:\xampp\htdocs\codeigniter4\primeiro\app\Controllers\Home.php(7): view('index')
#3 C:\xampp\htdocs\codeigniter4\primeiro\system\CodeIgniter.php(918): App\Controllers\Home->index()
#4 C:\xampp\htdocs\codeigniter4\primeiro\system\CodeIgniter.php(404): CodeIgniter\CodeIgniter->runController(Object(App\Controllers\Home))
#5 C:\xampp\htdocs\codeigniter4\primeiro\system\CodeIgniter.php(312): CodeIgniter\CodeIgniter->handleRequest(NULL, Object(Config\Cache), false)
#6 C:\xampp\htdocs\codeigniter4\primeiro\public\index.php(45): CodeIgniter\CodeIgniter->run()
#7 C:\xampp\htdocs\codeigniter4\primeiro\system\Commands\Server\rewrite.php(34): require_once('C:\\xampp\\htdocs...')
#8 {main}
CRITICAL - 2020-08-30 18:09:20 --> Invalid file: profile/.php
#0 C:\xampp\htdocs\codeigniter4\primeiro\system\View\View.php(228): CodeIgniter\Exceptions\FrameworkException::forInvalidFile('profile/.php')
#1 C:\xampp\htdocs\codeigniter4\primeiro\system\Common.php(1119): CodeIgniter\View\View->render('profile/', Array, true)
#2 C:\xampp\htdocs\codeigniter4\primeiro\app\Controllers\Main.php(16): view('profile/')
#3 C:\xampp\htdocs\codeigniter4\primeiro\system\CodeIgniter.php(918): App\Controllers\Main->profile()
#4 C:\xampp\htdocs\codeigniter4\primeiro\system\CodeIgniter.php(404): CodeIgniter\CodeIgniter->runController(Object(App\Controllers\Main))
#5 C:\xampp\htdocs\codeigniter4\primeiro\system\CodeIgniter.php(312): CodeIgniter\CodeIgniter->handleRequest(NULL, Object(Config\Cache), false)
#6 C:\xampp\htdocs\codeigniter4\primeiro\public\index.php(45): CodeIgniter\CodeIgniter->run()
#7 C:\xampp\htdocs\codeigniter4\primeiro\system\Commands\Server\rewrite.php(34): require_once('C:\\xampp\\htdocs...')
#8 {main}
