CRITICAL - 2020-09-01 07:13:27 --> Invalid file: welcome_message.php
#0 C:\xampp\htdocs\codeigniter4\primeiro\system\View\View.php(228): CodeIgniter\Exceptions\FrameworkException::forInvalidFile('welcome_message...')
#1 C:\xampp\htdocs\codeigniter4\primeiro\system\Common.php(1119): CodeIgniter\View\View->render('welcome_message', Array, true)
#2 C:\xampp\htdocs\codeigniter4\primeiro\app\Controllers\Main.php(8): view('welcome_message')
#3 C:\xampp\htdocs\codeigniter4\primeiro\system\CodeIgniter.php(918): App\Controllers\Main->index()
#4 C:\xampp\htdocs\codeigniter4\primeiro\system\CodeIgniter.php(404): CodeIgniter\CodeIgniter->runController(Object(App\Controllers\Main))
#5 C:\xampp\htdocs\codeigniter4\primeiro\system\CodeIgniter.php(312): CodeIgniter\CodeIgniter->handleRequest(NULL, Object(Config\Cache), false)
#6 C:\xampp\htdocs\codeigniter4\primeiro\public\index.php(45): CodeIgniter\CodeIgniter->run()
#7 C:\xampp\htdocs\codeigniter4\primeiro\system\Commands\Server\rewrite.php(34): require_once('C:\\xampp\\htdocs...')
#8 {main}
CRITICAL - 2020-09-01 07:13:41 --> Invalid file: welcome_message.php
#0 C:\xampp\htdocs\codeigniter4\primeiro\system\View\View.php(228): CodeIgniter\Exceptions\FrameworkException::forInvalidFile('welcome_message...')
#1 C:\xampp\htdocs\codeigniter4\primeiro\system\Common.php(1119): CodeIgniter\View\View->render('welcome_message', Array, true)
#2 C:\xampp\htdocs\codeigniter4\primeiro\app\Controllers\Main.php(8): view('welcome_message')
#3 C:\xampp\htdocs\codeigniter4\primeiro\system\CodeIgniter.php(918): App\Controllers\Main->index()
#4 C:\xampp\htdocs\codeigniter4\primeiro\system\CodeIgniter.php(404): CodeIgniter\CodeIgniter->runController(Object(App\Controllers\Main))
#5 C:\xampp\htdocs\codeigniter4\primeiro\system\CodeIgniter.php(312): CodeIgniter\CodeIgniter->handleRequest(NULL, Object(Config\Cache), false)
#6 C:\xampp\htdocs\codeigniter4\primeiro\public\index.php(45): CodeIgniter\CodeIgniter->run()
#7 C:\xampp\htdocs\codeigniter4\primeiro\system\Commands\Server\rewrite.php(34): require_once('C:\\xampp\\htdocs...')
#8 {main}
CRITICAL - 2020-09-01 07:14:11 --> include(views/head.php): failed to open stream: No such file or directory
#0 C:\xampp\htdocs\codeigniter4\primeiro\app\Views\home.php(4): CodeIgniter\Debug\Exceptions->errorHandler(2, 'include(views/h...', 'C:\\xampp\\htdocs...', 4, Array)
#1 C:\xampp\htdocs\codeigniter4\primeiro\app\Views\home.php(4): include()
#2 C:\xampp\htdocs\codeigniter4\primeiro\system\View\View.php(246): include('C:\\xampp\\htdocs...')
#3 C:\xampp\htdocs\codeigniter4\primeiro\system\Common.php(1119): CodeIgniter\View\View->render('home', Array, true)
#4 C:\xampp\htdocs\codeigniter4\primeiro\app\Controllers\Main.php(8): view('home')
#5 C:\xampp\htdocs\codeigniter4\primeiro\system\CodeIgniter.php(918): App\Controllers\Main->index()
#6 C:\xampp\htdocs\codeigniter4\primeiro\system\CodeIgniter.php(404): CodeIgniter\CodeIgniter->runController(Object(App\Controllers\Main))
#7 C:\xampp\htdocs\codeigniter4\primeiro\system\CodeIgniter.php(312): CodeIgniter\CodeIgniter->handleRequest(NULL, Object(Config\Cache), false)
#8 C:\xampp\htdocs\codeigniter4\primeiro\public\index.php(45): CodeIgniter\CodeIgniter->run()
#9 C:\xampp\htdocs\codeigniter4\primeiro\system\Commands\Server\rewrite.php(34): require_once('C:\\xampp\\htdocs...')
#10 {main}
CRITICAL - 2020-09-01 07:14:40 --> include_once(views/menu.php): failed to open stream: No such file or directory
#0 C:\xampp\htdocs\codeigniter4\primeiro\app\Views\home.php(12): CodeIgniter\Debug\Exceptions->errorHandler(2, 'include_once(vi...', 'C:\\xampp\\htdocs...', 12, Array)
#1 C:\xampp\htdocs\codeigniter4\primeiro\app\Views\home.php(12): include_once()
#2 C:\xampp\htdocs\codeigniter4\primeiro\system\View\View.php(246): include('C:\\xampp\\htdocs...')
#3 C:\xampp\htdocs\codeigniter4\primeiro\system\Common.php(1119): CodeIgniter\View\View->render('home', Array, true)
#4 C:\xampp\htdocs\codeigniter4\primeiro\app\Controllers\Main.php(8): view('home')
#5 C:\xampp\htdocs\codeigniter4\primeiro\system\CodeIgniter.php(918): App\Controllers\Main->index()
#6 C:\xampp\htdocs\codeigniter4\primeiro\system\CodeIgniter.php(404): CodeIgniter\CodeIgniter->runController(Object(App\Controllers\Main))
#7 C:\xampp\htdocs\codeigniter4\primeiro\system\CodeIgniter.php(312): CodeIgniter\CodeIgniter->handleRequest(NULL, Object(Config\Cache), false)
#8 C:\xampp\htdocs\codeigniter4\primeiro\public\index.php(45): CodeIgniter\CodeIgniter->run()
#9 C:\xampp\htdocs\codeigniter4\primeiro\system\Commands\Server\rewrite.php(34): require_once('C:\\xampp\\htdocs...')
#10 {main}
CRITICAL - 2020-09-01 07:15:27 --> Use of undefined constant NAME - assumed 'NAME' (this will throw an Error in a future version of PHP)
#0 C:\xampp\htdocs\codeigniter4\primeiro\app\Views\home.php(18): CodeIgniter\Debug\Exceptions->errorHandler(2, 'Use of undefine...', 'C:\\xampp\\htdocs...', 18, Array)
#1 C:\xampp\htdocs\codeigniter4\primeiro\system\View\View.php(246): include('C:\\xampp\\htdocs...')
#2 C:\xampp\htdocs\codeigniter4\primeiro\system\Common.php(1119): CodeIgniter\View\View->render('home', Array, true)
#3 C:\xampp\htdocs\codeigniter4\primeiro\app\Controllers\Main.php(8): view('home')
#4 C:\xampp\htdocs\codeigniter4\primeiro\system\CodeIgniter.php(918): App\Controllers\Main->index()
#5 C:\xampp\htdocs\codeigniter4\primeiro\system\CodeIgniter.php(404): CodeIgniter\CodeIgniter->runController(Object(App\Controllers\Main))
#6 C:\xampp\htdocs\codeigniter4\primeiro\system\CodeIgniter.php(312): CodeIgniter\CodeIgniter->handleRequest(NULL, Object(Config\Cache), false)
#7 C:\xampp\htdocs\codeigniter4\primeiro\public\index.php(45): CodeIgniter\CodeIgniter->run()
#8 C:\xampp\htdocs\codeigniter4\primeiro\system\Commands\Server\rewrite.php(34): require_once('C:\\xampp\\htdocs...')
#9 {main}
CRITICAL - 2020-09-01 07:15:36 --> Undefined index: p
#0 C:\xampp\htdocs\codeigniter4\primeiro\app\Views\home.php(62): CodeIgniter\Debug\Exceptions->errorHandler(8, 'Undefined index...', 'C:\\xampp\\htdocs...', 62, Array)
#1 C:\xampp\htdocs\codeigniter4\primeiro\system\View\View.php(246): include('C:\\xampp\\htdocs...')
#2 C:\xampp\htdocs\codeigniter4\primeiro\system\Common.php(1119): CodeIgniter\View\View->render('home', Array, true)
#3 C:\xampp\htdocs\codeigniter4\primeiro\app\Controllers\Main.php(8): view('home')
#4 C:\xampp\htdocs\codeigniter4\primeiro\system\CodeIgniter.php(918): App\Controllers\Main->index()
#5 C:\xampp\htdocs\codeigniter4\primeiro\system\CodeIgniter.php(404): CodeIgniter\CodeIgniter->runController(Object(App\Controllers\Main))
#6 C:\xampp\htdocs\codeigniter4\primeiro\system\CodeIgniter.php(312): CodeIgniter\CodeIgniter->handleRequest(NULL, Object(Config\Cache), false)
#7 C:\xampp\htdocs\codeigniter4\primeiro\public\index.php(45): CodeIgniter\CodeIgniter->run()
#8 C:\xampp\htdocs\codeigniter4\primeiro\system\Commands\Server\rewrite.php(34): require_once('C:\\xampp\\htdocs...')
#9 {main}
CRITICAL - 2020-09-01 07:15:52 --> Undefined index: p
#0 C:\xampp\htdocs\codeigniter4\primeiro\app\Views\home.php(36): CodeIgniter\Debug\Exceptions->errorHandler(8, 'Undefined index...', 'C:\\xampp\\htdocs...', 36, Array)
#1 C:\xampp\htdocs\codeigniter4\primeiro\system\View\View.php(246): include('C:\\xampp\\htdocs...')
#2 C:\xampp\htdocs\codeigniter4\primeiro\system\Common.php(1119): CodeIgniter\View\View->render('home', Array, true)
#3 C:\xampp\htdocs\codeigniter4\primeiro\app\Controllers\Main.php(8): view('home')
#4 C:\xampp\htdocs\codeigniter4\primeiro\system\CodeIgniter.php(918): App\Controllers\Main->index()
#5 C:\xampp\htdocs\codeigniter4\primeiro\system\CodeIgniter.php(404): CodeIgniter\CodeIgniter->runController(Object(App\Controllers\Main))
#6 C:\xampp\htdocs\codeigniter4\primeiro\system\CodeIgniter.php(312): CodeIgniter\CodeIgniter->handleRequest(NULL, Object(Config\Cache), false)
#7 C:\xampp\htdocs\codeigniter4\primeiro\public\index.php(45): CodeIgniter\CodeIgniter->run()
#8 C:\xampp\htdocs\codeigniter4\primeiro\system\Commands\Server\rewrite.php(34): require_once('C:\\xampp\\htdocs...')
#9 {main}
CRITICAL - 2020-09-01 07:16:03 --> include_once(views/frames/categorias.php): failed to open stream: No such file or directory
#0 C:\xampp\htdocs\codeigniter4\primeiro\app\Views\home.php(40): CodeIgniter\Debug\Exceptions->errorHandler(2, 'include_once(vi...', 'C:\\xampp\\htdocs...', 40, Array)
#1 C:\xampp\htdocs\codeigniter4\primeiro\app\Views\home.php(40): include_once()
#2 C:\xampp\htdocs\codeigniter4\primeiro\system\View\View.php(246): include('C:\\xampp\\htdocs...')
#3 C:\xampp\htdocs\codeigniter4\primeiro\system\Common.php(1119): CodeIgniter\View\View->render('home', Array, true)
#4 C:\xampp\htdocs\codeigniter4\primeiro\app\Controllers\Main.php(8): view('home')
#5 C:\xampp\htdocs\codeigniter4\primeiro\system\CodeIgniter.php(918): App\Controllers\Main->index()
#6 C:\xampp\htdocs\codeigniter4\primeiro\system\CodeIgniter.php(404): CodeIgniter\CodeIgniter->runController(Object(App\Controllers\Main))
#7 C:\xampp\htdocs\codeigniter4\primeiro\system\CodeIgniter.php(312): CodeIgniter\CodeIgniter->handleRequest(NULL, Object(Config\Cache), false)
#8 C:\xampp\htdocs\codeigniter4\primeiro\public\index.php(45): CodeIgniter\CodeIgniter->run()
#9 C:\xampp\htdocs\codeigniter4\primeiro\system\Commands\Server\rewrite.php(34): require_once('C:\\xampp\\htdocs...')
#10 {main}
CRITICAL - 2020-09-01 07:16:26 --> Use of undefined constant NAME_CITY - assumed 'NAME_CITY' (this will throw an Error in a future version of PHP)
#0 C:\xampp\htdocs\codeigniter4\primeiro\app\Views\home.php(43): CodeIgniter\Debug\Exceptions->errorHandler(2, 'Use of undefine...', 'C:\\xampp\\htdocs...', 43, Array)
#1 C:\xampp\htdocs\codeigniter4\primeiro\system\View\View.php(246): include('C:\\xampp\\htdocs...')
#2 C:\xampp\htdocs\codeigniter4\primeiro\system\Common.php(1119): CodeIgniter\View\View->render('home', Array, true)
#3 C:\xampp\htdocs\codeigniter4\primeiro\app\Controllers\Main.php(8): view('home')
#4 C:\xampp\htdocs\codeigniter4\primeiro\system\CodeIgniter.php(918): App\Controllers\Main->index()
#5 C:\xampp\htdocs\codeigniter4\primeiro\system\CodeIgniter.php(404): CodeIgniter\CodeIgniter->runController(Object(App\Controllers\Main))
#6 C:\xampp\htdocs\codeigniter4\primeiro\system\CodeIgniter.php(312): CodeIgniter\CodeIgniter->handleRequest(NULL, Object(Config\Cache), false)
#7 C:\xampp\htdocs\codeigniter4\primeiro\public\index.php(45): CodeIgniter\CodeIgniter->run()
#8 C:\xampp\htdocs\codeigniter4\primeiro\system\Commands\Server\rewrite.php(34): require_once('C:\\xampp\\htdocs...')
#9 {main}
CRITICAL - 2020-09-01 07:16:42 --> Use of undefined constant NAME_CITY - assumed 'NAME_CITY' (this will throw an Error in a future version of PHP)
#0 C:\xampp\htdocs\codeigniter4\primeiro\app\Views\home.php(43): CodeIgniter\Debug\Exceptions->errorHandler(2, 'Use of undefine...', 'C:\\xampp\\htdocs...', 43, Array)
#1 C:\xampp\htdocs\codeigniter4\primeiro\system\View\View.php(246): include('C:\\xampp\\htdocs...')
#2 C:\xampp\htdocs\codeigniter4\primeiro\system\Common.php(1119): CodeIgniter\View\View->render('home', Array, true)
#3 C:\xampp\htdocs\codeigniter4\primeiro\app\Controllers\Main.php(8): view('home')
#4 C:\xampp\htdocs\codeigniter4\primeiro\system\CodeIgniter.php(918): App\Controllers\Main->index()
#5 C:\xampp\htdocs\codeigniter4\primeiro\system\CodeIgniter.php(404): CodeIgniter\CodeIgniter->runController(Object(App\Controllers\Main))
#6 C:\xampp\htdocs\codeigniter4\primeiro\system\CodeIgniter.php(312): CodeIgniter\CodeIgniter->handleRequest(NULL, Object(Config\Cache), false)
#7 C:\xampp\htdocs\codeigniter4\primeiro\public\index.php(45): CodeIgniter\CodeIgniter->run()
#8 C:\xampp\htdocs\codeigniter4\primeiro\system\Commands\Server\rewrite.php(34): require_once('C:\\xampp\\htdocs...')
#9 {main}
CRITICAL - 2020-09-01 07:16:43 --> Use of undefined constant NAME_CITY - assumed 'NAME_CITY' (this will throw an Error in a future version of PHP)
#0 C:\xampp\htdocs\codeigniter4\primeiro\app\Views\home.php(43): CodeIgniter\Debug\Exceptions->errorHandler(2, 'Use of undefine...', 'C:\\xampp\\htdocs...', 43, Array)
#1 C:\xampp\htdocs\codeigniter4\primeiro\system\View\View.php(246): include('C:\\xampp\\htdocs...')
#2 C:\xampp\htdocs\codeigniter4\primeiro\system\Common.php(1119): CodeIgniter\View\View->render('home', Array, true)
#3 C:\xampp\htdocs\codeigniter4\primeiro\app\Controllers\Main.php(8): view('home')
#4 C:\xampp\htdocs\codeigniter4\primeiro\system\CodeIgniter.php(918): App\Controllers\Main->index()
#5 C:\xampp\htdocs\codeigniter4\primeiro\system\CodeIgniter.php(404): CodeIgniter\CodeIgniter->runController(Object(App\Controllers\Main))
#6 C:\xampp\htdocs\codeigniter4\primeiro\system\CodeIgniter.php(312): CodeIgniter\CodeIgniter->handleRequest(NULL, Object(Config\Cache), false)
#7 C:\xampp\htdocs\codeigniter4\primeiro\public\index.php(45): CodeIgniter\CodeIgniter->run()
#8 C:\xampp\htdocs\codeigniter4\primeiro\system\Commands\Server\rewrite.php(34): require_once('C:\\xampp\\htdocs...')
#9 {main}
CRITICAL - 2020-09-01 07:16:59 --> Use of undefined constant NAME_CITY - assumed 'NAME_CITY' (this will throw an Error in a future version of PHP)
#0 C:\xampp\htdocs\codeigniter4\primeiro\app\Views\home.php(43): CodeIgniter\Debug\Exceptions->errorHandler(2, 'Use of undefine...', 'C:\\xampp\\htdocs...', 43, Array)
#1 C:\xampp\htdocs\codeigniter4\primeiro\system\View\View.php(246): include('C:\\xampp\\htdocs...')
#2 C:\xampp\htdocs\codeigniter4\primeiro\system\Common.php(1119): CodeIgniter\View\View->render('home', Array, true)
#3 C:\xampp\htdocs\codeigniter4\primeiro\app\Controllers\Main.php(8): view('home')
#4 C:\xampp\htdocs\codeigniter4\primeiro\system\CodeIgniter.php(918): App\Controllers\Main->index()
#5 C:\xampp\htdocs\codeigniter4\primeiro\system\CodeIgniter.php(404): CodeIgniter\CodeIgniter->runController(Object(App\Controllers\Main))
#6 C:\xampp\htdocs\codeigniter4\primeiro\system\CodeIgniter.php(312): CodeIgniter\CodeIgniter->handleRequest(NULL, Object(Config\Cache), false)
#7 C:\xampp\htdocs\codeigniter4\primeiro\public\index.php(45): CodeIgniter\CodeIgniter->run()
#8 C:\xampp\htdocs\codeigniter4\primeiro\system\Commands\Server\rewrite.php(34): require_once('C:\\xampp\\htdocs...')
#9 {main}
CRITICAL - 2020-09-01 07:17:16 --> include_once(views/frames/categorias.php): failed to open stream: No such file or directory
#0 C:\xampp\htdocs\codeigniter4\primeiro\app\Views\home.php(59): CodeIgniter\Debug\Exceptions->errorHandler(2, 'include_once(vi...', 'C:\\xampp\\htdocs...', 59, Array)
#1 C:\xampp\htdocs\codeigniter4\primeiro\app\Views\home.php(59): include_once()
#2 C:\xampp\htdocs\codeigniter4\primeiro\system\View\View.php(246): include('C:\\xampp\\htdocs...')
#3 C:\xampp\htdocs\codeigniter4\primeiro\system\Common.php(1119): CodeIgniter\View\View->render('home', Array, true)
#4 C:\xampp\htdocs\codeigniter4\primeiro\app\Controllers\Main.php(8): view('home')
#5 C:\xampp\htdocs\codeigniter4\primeiro\system\CodeIgniter.php(918): App\Controllers\Main->index()
#6 C:\xampp\htdocs\codeigniter4\primeiro\system\CodeIgniter.php(404): CodeIgniter\CodeIgniter->runController(Object(App\Controllers\Main))
#7 C:\xampp\htdocs\codeigniter4\primeiro\system\CodeIgniter.php(312): CodeIgniter\CodeIgniter->handleRequest(NULL, Object(Config\Cache), false)
#8 C:\xampp\htdocs\codeigniter4\primeiro\public\index.php(45): CodeIgniter\CodeIgniter->run()
#9 C:\xampp\htdocs\codeigniter4\primeiro\system\Commands\Server\rewrite.php(34): require_once('C:\\xampp\\htdocs...')
#10 {main}
CRITICAL - 2020-09-01 07:17:24 --> include_once(views/footer.php): failed to open stream: No such file or directory
#0 C:\xampp\htdocs\codeigniter4\primeiro\app\Views\home.php(75): CodeIgniter\Debug\Exceptions->errorHandler(2, 'include_once(vi...', 'C:\\xampp\\htdocs...', 75, Array)
#1 C:\xampp\htdocs\codeigniter4\primeiro\app\Views\home.php(75): include_once()
#2 C:\xampp\htdocs\codeigniter4\primeiro\system\View\View.php(246): include('C:\\xampp\\htdocs...')
#3 C:\xampp\htdocs\codeigniter4\primeiro\system\Common.php(1119): CodeIgniter\View\View->render('home', Array, true)
#4 C:\xampp\htdocs\codeigniter4\primeiro\app\Controllers\Main.php(8): view('home')
#5 C:\xampp\htdocs\codeigniter4\primeiro\system\CodeIgniter.php(918): App\Controllers\Main->index()
#6 C:\xampp\htdocs\codeigniter4\primeiro\system\CodeIgniter.php(404): CodeIgniter\CodeIgniter->runController(Object(App\Controllers\Main))
#7 C:\xampp\htdocs\codeigniter4\primeiro\system\CodeIgniter.php(312): CodeIgniter\CodeIgniter->handleRequest(NULL, Object(Config\Cache), false)
#8 C:\xampp\htdocs\codeigniter4\primeiro\public\index.php(45): CodeIgniter\CodeIgniter->run()
#9 C:\xampp\htdocs\codeigniter4\primeiro\system\Commands\Server\rewrite.php(34): require_once('C:\\xampp\\htdocs...')
#10 {main}
CRITICAL - 2020-09-01 07:20:56 --> Undefined variable: content
#0 C:\xampp\htdocs\codeigniter4\primeiro\app\Views\home.php(70): CodeIgniter\Debug\Exceptions->errorHandler(8, 'Undefined varia...', 'C:\\xampp\\htdocs...', 70, Array)
#1 C:\xampp\htdocs\codeigniter4\primeiro\system\View\View.php(246): include('C:\\xampp\\htdocs...')
#2 C:\xampp\htdocs\codeigniter4\primeiro\system\Common.php(1119): CodeIgniter\View\View->render('home', Array, true)
#3 C:\xampp\htdocs\codeigniter4\primeiro\app\Controllers\Main.php(8): view('home')
#4 C:\xampp\htdocs\codeigniter4\primeiro\system\CodeIgniter.php(918): App\Controllers\Main->index()
#5 C:\xampp\htdocs\codeigniter4\primeiro\system\CodeIgniter.php(404): CodeIgniter\CodeIgniter->runController(Object(App\Controllers\Main))
#6 C:\xampp\htdocs\codeigniter4\primeiro\system\CodeIgniter.php(312): CodeIgniter\CodeIgniter->handleRequest(NULL, Object(Config\Cache), false)
#7 C:\xampp\htdocs\codeigniter4\primeiro\public\index.php(45): CodeIgniter\CodeIgniter->run()
#8 C:\xampp\htdocs\codeigniter4\primeiro\system\Commands\Server\rewrite.php(34): require_once('C:\\xampp\\htdocs...')
#9 {main}
CRITICAL - 2020-09-01 07:21:05 --> Undefined variable: content
#0 C:\xampp\htdocs\codeigniter4\primeiro\app\Views\home.php(72): CodeIgniter\Debug\Exceptions->errorHandler(8, 'Undefined varia...', 'C:\\xampp\\htdocs...', 72, Array)
#1 C:\xampp\htdocs\codeigniter4\primeiro\system\View\View.php(246): include('C:\\xampp\\htdocs...')
#2 C:\xampp\htdocs\codeigniter4\primeiro\system\Common.php(1119): CodeIgniter\View\View->render('home', Array, true)
#3 C:\xampp\htdocs\codeigniter4\primeiro\app\Controllers\Main.php(8): view('home')
#4 C:\xampp\htdocs\codeigniter4\primeiro\system\CodeIgniter.php(918): App\Controllers\Main->index()
#5 C:\xampp\htdocs\codeigniter4\primeiro\system\CodeIgniter.php(404): CodeIgniter\CodeIgniter->runController(Object(App\Controllers\Main))
#6 C:\xampp\htdocs\codeigniter4\primeiro\system\CodeIgniter.php(312): CodeIgniter\CodeIgniter->handleRequest(NULL, Object(Config\Cache), false)
#7 C:\xampp\htdocs\codeigniter4\primeiro\public\index.php(45): CodeIgniter\CodeIgniter->run()
#8 C:\xampp\htdocs\codeigniter4\primeiro\system\Commands\Server\rewrite.php(34): require_once('C:\\xampp\\htdocs...')
#9 {main}
CRITICAL - 2020-09-01 16:28:50 --> Invalid file: welcome_message.php
#0 C:\xampp\htdocs\codeigniter4\primeiro\system\View\View.php(228): CodeIgniter\Exceptions\FrameworkException::forInvalidFile('welcome_message...')
#1 C:\xampp\htdocs\codeigniter4\primeiro\system\Common.php(1119): CodeIgniter\View\View->render('welcome_message', Array, true)
#2 C:\xampp\htdocs\codeigniter4\primeiro\app\Controllers\Pages.php(9): view('welcome_message')
#3 C:\xampp\htdocs\codeigniter4\primeiro\system\CodeIgniter.php(918): App\Controllers\Pages->index()
#4 C:\xampp\htdocs\codeigniter4\primeiro\system\CodeIgniter.php(404): CodeIgniter\CodeIgniter->runController(Object(App\Controllers\Pages))
#5 C:\xampp\htdocs\codeigniter4\primeiro\system\CodeIgniter.php(312): CodeIgniter\CodeIgniter->handleRequest(NULL, Object(Config\Cache), false)
#6 C:\xampp\htdocs\codeigniter4\primeiro\public\index.php(45): CodeIgniter\CodeIgniter->run()
#7 C:\xampp\htdocs\codeigniter4\primeiro\system\Commands\Server\rewrite.php(34): require_once('C:\\xampp\\htdocs...')
#8 {main}
CRITICAL - 2020-09-01 16:29:07 --> Unable to connect to the database.
#0 C:\xampp\htdocs\codeigniter4\primeiro\system\Database\BaseConnection.php(646): CodeIgniter\Database\BaseConnection->initialize()
#1 C:\xampp\htdocs\codeigniter4\primeiro\system\Database\BaseBuilder.php(1860): CodeIgniter\Database\BaseConnection->query('SELECT *\nFROM `...', Array, false)
#2 C:\xampp\htdocs\codeigniter4\primeiro\system\Model.php(462): CodeIgniter\Database\BaseBuilder->get()
#3 C:\xampp\htdocs\codeigniter4\primeiro\app\Models\NewsModel.php(14): CodeIgniter\Model->findAll()
#4 C:\xampp\htdocs\codeigniter4\primeiro\app\Controllers\News.php(14): App\Models\NewsModel->getNews()
#5 C:\xampp\htdocs\codeigniter4\primeiro\system\CodeIgniter.php(918): App\Controllers\News->index()
#6 C:\xampp\htdocs\codeigniter4\primeiro\system\CodeIgniter.php(404): CodeIgniter\CodeIgniter->runController(Object(App\Controllers\News))
#7 C:\xampp\htdocs\codeigniter4\primeiro\system\CodeIgniter.php(312): CodeIgniter\CodeIgniter->handleRequest(NULL, Object(Config\Cache), false)
#8 C:\xampp\htdocs\codeigniter4\primeiro\public\index.php(45): CodeIgniter\CodeIgniter->run()
#9 C:\xampp\htdocs\codeigniter4\primeiro\system\Commands\Server\rewrite.php(34): require_once('C:\\xampp\\htdocs...')
#10 {main}
